2023-10-30 12:17:14 ERROR: No se puede conectar al sitio
2023-10-30 12:17:15 ERROR: No se puede conectar al sitio
2023-10-30 12:18:10 ERROR: No se puede autenticar usuario
2023-10-30 12:18:17 ERROR: No se puede conectar al sitio
2023-10-30 12:20:19 ERROR: No se puede autenticar usuario
2023-10-30 12:20:37 ERROR: No se puede autenticar usuario
2023-10-31 10:57:11 ERROR: No se puede autenticar usuario
2023-10-31 10:57:34 ERROR: No se puede autenticar usuario
2023-11-30 09:32:58 ERROR: No se puede autenticar usuario
2023-11-30 09:44:29 ERROR: No se puede autenticar usuario
2023-11-30 09:44:41 ERROR: No se puede autenticar usuario
2023-11-30 09:44:42 ERROR: No se puede autenticar usuario
2023-11-30 09:45:02 ERROR: No se puede autenticar usuario
2023-12-14 16:09:43 ERROR: No se puede conectar al sitio
2023-12-21 16:04:54 ERROR: No se puede conectar al sitio
2023-12-21 16:05:13 ERROR: No se puede conectar al sitio
2023-12-27 13:04:44 ERROR: No se puede autenticar usuario
2023-12-27 13:05:31 ERROR: No se puede conectar al sitio
2023-12-27 13:05:46 ERROR: No se puede conectar al sitio
2023-12-27 15:16:53 ERROR: No se puede autenticar usuario
2024-01-09 12:04:16 ERROR: No se puede conectar al sitio
2024-01-09 12:04:29 ERROR: No se puede conectar al sitio
2024-01-09 12:08:51 ERROR: No se puede autenticar usuario
2024-01-09 12:11:12 ERROR: No se puede conectar al sitio
2024-01-09 12:11:21 ERROR: No se puede autenticar usuario
2024-01-09 12:13:48 ERROR: No se puede autenticar usuario
2024-01-09 12:14:32 ERROR: No se puede autenticar usuario
2024-01-10 10:55:34 ERROR: No se puede conectar al sitio
2024-01-10 10:55:55 ERROR: No se puede conectar al sitio
2024-01-10 10:55:57 ERROR: No se puede conectar al sitio
2024-01-15 17:54:07 ERROR: No se puede autenticar usuario
2024-01-15 17:54:09 ERROR: No se puede autenticar usuario
2024-01-15 17:54:10 ERROR: No se puede autenticar usuario
2024-01-15 17:54:58 ERROR: No se puede autenticar usuario
2024-01-15 17:54:58 ERROR: No se puede autenticar usuario
2024-01-15 17:54:59 ERROR: No se puede autenticar usuario
2024-01-15 17:55:58 ERROR: No se puede autenticar usuario
2024-01-15 17:55:58 ERROR: No se puede autenticar usuario
2024-01-15 17:55:59 ERROR: No se puede autenticar usuario
2024-01-15 17:56:37 ERROR: No se puede autenticar usuario
2024-01-15 17:57:50 ERROR: No se puede autenticar usuario
2024-01-15 17:59:09 ERROR: No se puede autenticar usuario
2024-01-15 17:59:10 ERROR: No se puede autenticar usuario
2024-01-15 18:01:09 ERROR: No se puede autenticar usuario
2024-01-15 18:01:41 ERROR: No se puede autenticar usuario
2024-01-15 18:02:50 ERROR: No se puede autenticar usuario
2024-01-15 18:04:50 ERROR: No se puede autenticar usuario
2024-01-15 18:07:49 ERROR: No se puede autenticar usuario
2024-01-15 18:07:50 ERROR: No se puede autenticar usuario
2024-01-15 18:15:46 ERROR: No se puede autenticar usuario
2024-01-15 18:15:46 ERROR: No se puede autenticar usuario
2024-01-15 18:27:56 ERROR: No se puede autenticar usuario
2024-01-16 09:24:56 ERROR: No se puede autenticar usuario
2024-01-16 09:24:58 ERROR: No se puede autenticar usuario
2024-01-16 11:17:09 ERROR: No se puede autenticar usuario
2024-01-16 11:25:56 ERROR: No se puede autenticar usuario
2024-01-16 11:27:07 ERROR: No se puede autenticar usuario
2024-01-16 11:27:10 ERROR: No se puede autenticar usuario
2024-01-16 11:39:02 ERROR: No se puede autenticar usuario
2024-01-16 11:58:09 ERROR: No se puede autenticar usuario
2024-01-16 12:18:54 ERROR: No se puede conectar al sitio
2024-01-16 12:19:04 ERROR: No se puede conectar al sitio
2024-01-16 12:19:26 ERROR: No se puede autenticar usuario
2024-01-19 10:29:18 ERROR: No se puede autenticar usuario
2024-01-21 09:05:33 ERROR: No se puede conectar al sitio
2024-01-21 09:05:54 ERROR: No se puede autenticar usuario
2024-01-26 13:38:53 ERROR: No se puede conectar al sitio
2024-01-26 13:40:35 ERROR: No se puede conectar al sitio
2024-01-26 13:41:33 ERROR: No se puede conectar al sitio
2024-01-26 13:42:17 ERROR: No se puede conectar al sitio
2024-01-26 13:42:29 ERROR: No se puede conectar al sitio
2024-01-26 13:44:01 ERROR: No se puede conectar al sitio
2024-01-26 13:44:59 ERROR: No se puede conectar al sitio
2024-01-26 14:00:33 ERROR: No se puede conectar al sitio
2024-02-06 16:23:30 ERROR: No se puede autenticar usuario
2024-02-06 16:23:31 ERROR: No se puede autenticar usuario
2024-02-06 16:24:36 ERROR: No se puede autenticar usuario
2024-02-06 16:24:38 ERROR: No se puede autenticar usuario
2024-02-06 16:25:01 ERROR: No se puede autenticar usuario
2024-02-06 16:25:06 ERROR: No se puede autenticar usuario
2024-02-06 16:25:25 ERROR: No se puede autenticar usuario
2024-02-06 16:25:57 ERROR: No se puede autenticar usuario
2024-02-06 16:26:22 ERROR: No se puede autenticar usuario
2024-02-06 16:27:19 ERROR: No se puede autenticar usuario
2024-02-06 16:27:29 ERROR: No se puede autenticar usuario
2024-02-06 16:27:30 ERROR: No se puede autenticar usuario
2024-02-06 16:27:48 ERROR: No se puede autenticar usuario
2024-02-06 16:27:52 ERROR: No se puede autenticar usuario
2024-02-06 16:28:09 ERROR: No se puede autenticar usuario
2024-02-06 16:31:34 ERROR: No se puede autenticar usuario
2024-02-06 16:32:41 ERROR: No se puede autenticar usuario
2024-02-06 16:33:17 ERROR: No se puede autenticar usuario
2024-02-06 16:33:47 ERROR: No se puede autenticar usuario
2024-02-06 16:35:19 ERROR: No se puede autenticar usuario
2024-02-06 16:35:19 ERROR: No se puede autenticar usuario
2024-02-06 16:35:24 ERROR: No se puede autenticar usuario
2024-02-06 16:55:45 ERROR: No se puede autenticar usuario
2024-02-06 16:55:49 ERROR: No se puede autenticar usuario
2024-02-06 17:12:59 ERROR: No se puede autenticar usuario
2024-02-08 11:16:47 ERROR: No se puede autenticar usuario
2024-02-08 11:47:07 ERROR: No se puede autenticar usuario
2024-02-08 13:00:30 ERROR: No se puede autenticar usuario
2024-02-08 15:21:27 ERROR: No se puede autenticar usuario
2024-02-08 16:08:34 ERROR: No se puede conectar al sitio
2024-02-08 16:37:14 ERROR: No se puede autenticar usuario
2024-02-08 16:49:53 ERROR: No se puede autenticar usuario
2024-02-12 11:41:35 ERROR: No se puede autenticar usuario
2024-02-15 12:44:39 ERROR: No se puede autenticar usuario
2024-02-15 12:44:44 ERROR: No se puede autenticar usuario
2024-02-15 12:44:45 ERROR: No se puede autenticar usuario
2024-02-15 12:44:57 ERROR: No se puede autenticar usuario
2024-02-15 12:44:59 ERROR: No se puede autenticar usuario
2024-02-15 12:45:00 ERROR: No se puede autenticar usuario
2024-02-15 12:45:00 ERROR: No se puede autenticar usuario
2024-02-15 12:45:02 ERROR: No se puede autenticar usuario
2024-02-15 15:28:45 ERROR: No se puede autenticar usuario
2024-02-15 17:49:58 ERROR: Servicio no se encuentra activo
2024-02-15 17:49:59 ERROR: Servicio no se encuentra activo
2024-02-15 17:50:00 ERROR: Servicio no se encuentra activo
2024-02-15 17:50:03 ERROR: Servicio no se encuentra activo
2024-02-15 17:50:04 ERROR: Servicio no se encuentra activo
2024-02-15 17:50:09 ERROR: Servicio no se encuentra activo
2024-02-15 17:50:10 ERROR: Servicio no se encuentra activo
2024-02-16 12:15:56 ERROR: No se puede autenticar usuario
2024-02-16 12:15:57 ERROR: No se puede autenticar usuario
2024-02-16 12:15:59 ERROR: No se puede autenticar usuario
2024-02-16 12:15:59 ERROR: No se puede autenticar usuario
2024-02-16 12:16:23 ERROR: No se puede autenticar usuario
2024-02-16 12:16:25 ERROR: No se puede autenticar usuario
2024-02-16 12:16:26 ERROR: No se puede autenticar usuario
2024-02-16 12:16:26 ERROR: No se puede autenticar usuario
2024-02-20 12:25:00 ERROR: No se puede autenticar usuario
2024-02-20 12:25:02 ERROR: No se puede autenticar usuario
2024-02-20 12:25:03 ERROR: No se puede autenticar usuario
2024-02-20 12:25:03 ERROR: No se puede autenticar usuario
2024-02-20 12:25:03 ERROR: No se puede autenticar usuario
2024-02-20 12:25:04 ERROR: No se puede autenticar usuario
2024-02-20 12:25:28 ERROR: No se puede autenticar usuario
2024-02-20 12:25:33 ERROR: No se puede autenticar usuario
2024-02-20 12:25:33 ERROR: No se puede autenticar usuario
2024-02-20 12:25:34 ERROR: No se puede autenticar usuario
2024-02-20 12:25:34 ERROR: No se puede autenticar usuario
2024-02-20 15:15:05 ERROR: No se puede autenticar usuario
2024-02-20 15:15:11 ERROR: No se puede autenticar usuario
2024-02-20 15:15:19 ERROR: No se puede autenticar usuario
2024-02-20 17:28:33 WEB: NUEVO CONTACTO CREADO | USUA_COD: 2000312 | NÚMERO CONTACTO: 56932140169 | NOMBRE CONTACTO: Kevin Llanquel | LLAMADAS: SI | SMS: SI
2024-02-27 15:26:40 ERROR: No se puede autenticar usuario
2024-02-28 17:51:16 ERROR: No se puede autenticar usuario
2024-02-28 17:51:18 ERROR: No se puede autenticar usuario
2024-02-28 17:51:19 ERROR: No se puede autenticar usuario
2024-02-28 17:51:20 ERROR: No se puede autenticar usuario
2024-02-28 17:51:25 ERROR: No se puede autenticar usuario
2024-02-28 17:51:26 ERROR: No se puede autenticar usuario
2024-02-28 17:51:26 ERROR: No se puede autenticar usuario
2024-02-28 17:51:26 ERROR: No se puede autenticar usuario
2024-02-28 17:51:29 ERROR: No se puede autenticar usuario
2024-02-28 17:51:37 ERROR: No se puede autenticar usuario
2024-02-28 17:51:39 ERROR: No se puede autenticar usuario
2024-03-04 11:37:25 ERROR: No se puede autenticar usuario
2024-03-04 11:37:45 ERROR: No se puede autenticar usuario
2024-03-04 11:38:00 ERROR: No se puede autenticar usuario
2024-03-04 12:12:46 ERROR: No se puede conectar al sitio
2024-03-04 12:13:46 ERROR: No se puede conectar al sitio
2024-03-04 12:14:03 ERROR: No se puede conectar al sitio - cod: 001
2024-03-04 12:14:16 ERROR: No se puede conectar al sitio - cod: 001
2024-03-04 12:14:32 ERROR: No se puede conectar al sitio - cod: 001
2024-03-04 12:15:04 ERROR: No se puede conectar al sitio
2024-03-04 17:43:22 ERROR: No se puede autenticar usuario
2024-03-04 18:12:19 ERROR: No se puede conectar al sitio
2024-03-04 18:22:11 ERROR: No se puede conectar al sitio
2024-03-04 18:22:24 ERROR: No se puede conectar al sitio
2024-03-04 18:23:01 ERROR: No se puede conectar al sitio
2024-03-04 18:23:28 ERROR: No se puede conectar al sitio
2024-03-04 18:25:31 ERROR: No se puede autenticar usuario
2024-03-04 18:25:52 ERROR: No se puede autenticar usuario
2024-03-04 18:26:08 ERROR: No se puede conectar al sitio
2024-03-04 18:26:47 ERROR: No se puede conectar al sitio
2024-03-04 18:26:55 ERROR: No se puede conectar al sitio
2024-03-04 18:27:11 ERROR: No se puede conectar al sitio - cod: 001
2024-03-04 18:31:16 ERROR: No se puede conectar al sitio - cod: 001
2024-03-04 18:31:47 ERROR: No se puede conectar al sitio - cod: 001
2024-03-04 18:33:20 ERROR: No se puede conectar al sitio - cod: 001
2024-03-04 18:35:26 ERROR: No se puede conectar al sitio - cod: 001
2024-03-04 19:21:16 ERROR: No se puede conectar al sitio - cod: 001
2024-03-04 19:21:29 ERROR: No se puede conectar al sitio - cod: 001
2024-03-05 09:58:58 ERROR: No se puede autenticar usuario
2024-03-05 11:03:13 ERROR: No se puede autenticar usuario
2024-03-05 11:04:35 ERROR: No se puede autenticar usuario
2024-03-05 11:04:41 ERROR: No se puede autenticar usuario
2024-03-05 11:05:12 ERROR: No se puede autenticar usuario
2024-03-05 11:05:15 ERROR: No se puede autenticar usuario
2024-03-05 11:05:31 ERROR: No se puede autenticar usuario
2024-03-05 11:22:04 ERROR: No se puede autenticar usuario
2024-03-05 15:49:41 ERROR: No se puede autenticar usuario
2024-03-05 16:04:46 ERROR: No se puede conectar al sitio - cod: 001
2024-03-05 16:55:48 ERROR: No se puede conectar al sitio - cod: 001
2024-03-05 16:56:06 ERROR: No se puede autenticar usuario
2024-03-05 16:56:20 ERROR: No se puede autenticar usuario
2024-03-05 17:10:18 ERROR: No se puede autenticar usuario
2024-03-05 17:12:26 ERROR: No se puede autenticar usuario
2024-03-05 17:12:52 ERROR: No se puede autenticar usuario
2024-03-06 02:07:38 ERROR: No se puede autenticar usuario
2024-03-06 02:07:44 ERROR: No se puede autenticar usuario
2024-03-06 02:07:51 ERROR: No se puede autenticar usuario
2024-03-06 02:10:56 ERROR: No se puede autenticar usuario
2024-03-06 15:13:06 ERROR: No se puede autenticar usuario
2024-03-06 15:25:16 ERROR: No se puede autenticar usuario
2024-03-06 15:25:40 ERROR: No se puede autenticar usuario
2024-03-06 15:27:09 ERROR: No se puede autenticar usuario
2024-03-06 15:27:32 ERROR: No se puede autenticar usuario
2024-03-06 15:27:40 ERROR: No se puede autenticar usuario
2024-03-06 15:28:15 ERROR: No se puede autenticar usuario
2024-03-06 15:28:39 ERROR: No se puede conectar al sitio
2024-03-06 15:30:46 ERROR: No se puede autenticar usuario
2024-03-06 15:30:49 ERROR: No se puede conectar al sitio
2024-03-06 15:30:52 ERROR: No se puede autenticar usuario
2024-03-06 15:40:49 ERROR: No se puede autenticar usuario
2024-03-06 15:41:49 ERROR: No se puede autenticar usuario
2024-03-06 15:42:29 ERROR: No se puede autenticar usuario
2024-03-06 15:42:50 ERROR: No se puede autenticar usuario
2024-03-06 15:43:10 ERROR: No se puede autenticar usuario
2024-03-06 15:43:21 ERROR: No se puede autenticar usuario
2024-03-06 15:44:04 ERROR: No se puede autenticar usuario
2024-03-06 15:49:37 ERROR: No se puede autenticar usuario
2024-03-06 15:50:15 ERROR: No se puede autenticar usuario
2024-03-06 15:50:28 ERROR: No se puede autenticar usuario
2024-03-06 15:52:17 ERROR: No se puede autenticar usuario
2024-03-06 15:53:05 ERROR: No se puede autenticar usuario
2024-03-06 15:53:24 ERROR: No se puede autenticar usuario
2024-03-06 15:53:25 ERROR: No se puede autenticar usuario
2024-03-06 15:53:56 ERROR: No se puede autenticar usuario
2024-03-06 15:54:00 ERROR: No se puede autenticar usuario
2024-03-06 15:54:08 ERROR: No se puede autenticar usuario
2024-03-06 15:55:01 ERROR: No se puede autenticar usuario
2024-03-06 15:55:03 ERROR: No se puede autenticar usuario
2024-03-06 15:55:04 ERROR: No se puede autenticar usuario
2024-03-06 15:55:19 ERROR: No se puede autenticar usuario
2024-03-06 15:55:32 ERROR: No se puede autenticar usuario
2024-03-06 15:55:52 ERROR: No se puede autenticar usuario
2024-03-06 15:57:52 ERROR: No se puede autenticar usuario
2024-03-06 15:57:53 ERROR: No se puede autenticar usuario
2024-03-06 15:57:54 ERROR: No se puede autenticar usuario
2024-03-06 15:57:59 ERROR: No se puede autenticar usuario
2024-03-06 15:58:11 ERROR: No se puede autenticar usuario
2024-03-06 15:58:11 ERROR: No se puede autenticar usuario
2024-03-06 15:59:03 ERROR: No se puede autenticar usuario
2024-03-06 15:59:35 ERROR: No se puede autenticar usuario
2024-03-06 15:59:59 ERROR: No se puede autenticar usuario
2024-03-06 16:00:16 ERROR: No se puede autenticar usuario
2024-03-06 16:00:24 ERROR: No se puede autenticar usuario
2024-03-06 16:00:53 ERROR: No se puede autenticar usuario
2024-03-06 16:01:14 ERROR: No se puede autenticar usuario
2024-03-06 16:04:26 ERROR: No se puede autenticar usuario
2024-03-06 16:04:50 ERROR: No se puede autenticar usuario
2024-03-06 16:05:30 ERROR: No se puede autenticar usuario
2024-03-06 16:05:52 ERROR: No se puede autenticar usuario
2024-03-06 16:07:43 ERROR: No se puede autenticar usuario
2024-03-06 16:07:54 ERROR: No se puede autenticar usuario
2024-03-06 16:08:04 ERROR: No se puede autenticar usuario
2024-03-06 16:08:10 ERROR: No se puede autenticar usuario
2024-03-06 16:09:45 ERROR: No se puede autenticar usuario
2024-03-06 16:10:01 ERROR: No se puede autenticar usuario
2024-03-06 16:10:27 ERROR: No se puede autenticar usuario
2024-03-06 16:10:34 ERROR: No se puede autenticar usuario
2024-03-06 16:10:43 ERROR: No se puede autenticar usuario
2024-03-06 16:19:33 ERROR: No se puede autenticar usuario
2024-03-06 16:25:40 ERROR: No se puede autenticar usuario
2024-03-06 16:25:46 ERROR: No se puede autenticar usuario
2024-03-06 16:25:56 ERROR: No se puede autenticar usuario
2024-03-06 16:26:00 ERROR: No se puede autenticar usuario
2024-03-06 16:26:04 ERROR: No se puede autenticar usuario
2024-03-06 16:27:55 ERROR: No se puede autenticar usuario
2024-03-06 21:24:28 ERROR: No se puede conectar al sitio - cod: 001
2024-03-06 21:25:35 ERROR: No se puede conectar al sitio - cod: 001
2024-03-11 15:20:11 ERROR: No se puede autenticar usuario
2024-03-11 15:25:49 ERROR: No se puede autenticar usuario
2024-03-11 15:32:44 ERROR: No se puede autenticar usuario
2024-03-13 17:45:37 ERROR: No se puede autenticar usuario
2024-03-14 14:27:34 ERROR: No se puede autenticar usuario
2024-03-17 15:34:06 ERROR: No se puede autenticar usuario
2024-03-18 16:44:01 ERROR: No se puede conectar al sitio - cod: 001
2024-03-19 09:49:24 ERROR: No se puede conectar al sitio - cod: 001
2024-03-19 12:35:55 ERROR: No se puede autenticar usuario
2024-03-19 20:51:30 ERROR: No se puede conectar al sitio - cod: 001
2024-03-20 07:57:03 ERROR: No se puede autenticar usuario
2024-03-20 08:04:52 ERROR: No se puede autenticar usuario - cod: 002
2024-03-20 08:05:15 ERROR: No se puede autenticar usuario
2024-03-20 08:36:14 ERROR: No se puede autenticar usuario
2024-03-20 09:10:10 ERROR: No se puede autenticar usuario
2024-03-20 09:28:00 ERROR: No se puede autenticar usuario - cod: 002
2024-03-20 09:28:21 ERROR: No se puede autenticar usuario
2024-03-20 09:28:37 ERROR: No se puede autenticar usuario
2024-03-20 09:33:53 ERROR: No se puede conectar al sitio - cod: 001
2024-03-20 09:35:26 ERROR: No se puede autenticar usuario - cod: 002
2024-03-20 09:36:35 ERROR: No se puede autenticar usuario - cod: 002
2024-03-20 09:38:33 ERROR: No se puede autenticar usuario - cod: 002
2024-03-20 09:38:42 ERROR: No se puede autenticar usuario - cod: 002
2024-03-20 09:39:12 ERROR: No se puede autenticar usuario
2024-03-20 09:40:09 ERROR: No se puede autenticar usuario
2024-03-20 09:51:19 ERROR: No se puede autenticar usuario - cod: 002
2024-03-20 09:52:09 ERROR: No se puede autenticar usuario - cod: 002
2024-03-20 09:52:25 ERROR: No se puede autenticar usuario
2024-03-20 09:52:40 ERROR: No se puede autenticar usuario
2024-03-20 10:00:12 ERROR: No se puede autenticar usuario
2024-03-20 14:41:34 ERROR: No se puede conectar al sitio - cod: 001
2024-03-21 12:14:31 ERROR: No se puede conectar al sitio - cod: 001
2024-03-21 16:18:12 ERROR: No se puede autenticar usuario - cod: 002
2024-03-21 16:35:08 ERROR: No se puede autenticar usuario
2024-03-21 16:46:12 ERROR: No se puede autenticar usuario
2024-03-22 13:27:17 ERROR: No se puede autenticar usuario
2024-03-25 09:33:17 ERROR: No se puede autenticar usuario
2024-03-26 15:51:50 ERROR: No se puede autenticar usuario
2024-03-26 15:54:01 ERROR: No se puede conectar al sitio
2024-03-26 15:55:12 ERROR: No se puede conectar al sitio
2024-03-26 17:21:32 ERROR: No se puede autenticar usuario
2024-03-26 17:21:46 ERROR: No se puede autenticar usuario
2024-03-27 11:23:53 ERROR: No se puede conectar al sitio
2024-04-01 12:57:35 ERROR: No se puede autenticar usuario
2024-04-02 16:28:56 ERROR: No se puede conectar al sitio
2024-04-02 17:51:12 ERROR: No se puede autenticar usuario
2024-04-02 18:14:10 ERROR: No se puede autenticar usuario
2024-04-03 10:47:52 ERROR: No se puede autenticar usuario
2024-04-03 15:41:08 ERROR: No se puede autenticar usuario
2024-04-03 15:45:49 ERROR: No se puede autenticar usuario
2024-04-03 15:46:23 ERROR: No se puede autenticar usuario
2024-04-03 15:47:51 ERROR: No se puede autenticar usuario
2024-04-03 15:47:59 ERROR: No se puede autenticar usuario
2024-04-03 15:48:09 ERROR: No se puede autenticar usuario
2024-04-04 10:22:08 ERROR: No se puede autenticar usuario
2024-04-05 11:22:58 ERROR: No se puede autenticar usuario
2024-04-05 11:27:19 ERROR: No se puede autenticar usuario
2024-04-05 11:28:00 ERROR: No se puede autenticar usuario
2024-04-05 16:47:37 ERROR: No se puede autenticar usuario
2024-04-08 11:51:42 ERROR: No se puede conectar al sitio - cod: 001
2024-04-08 11:51:48 ERROR: No se puede conectar al sitio - cod: 001
2024-04-08 16:24:38 ERROR: No se puede autenticar usuario
2024-04-09 11:23:10 ERROR: No se puede autenticar usuario
2024-04-09 11:23:25 ERROR: No se puede autenticar usuario
2024-04-09 16:59:33 ERROR: No se puede autenticar usuario
2024-04-10 10:48:10 ERROR: No se puede autenticar usuario
2024-04-11 10:33:49 ERROR: No se puede autenticar usuario
2024-04-11 17:23:16 ERROR: No se puede autenticar usuario
2024-04-12 10:23:24 ERROR: No se puede conectar al sitio
2024-04-16 10:25:51 ERROR: No se puede autenticar usuario
2024-04-16 10:26:27 ERROR: No se puede conectar al sitio
2024-04-21 21:14:07 ERROR: No se puede autenticar usuario
2024-04-21 21:39:46 ERROR: No se puede autenticar usuario
2024-04-21 21:39:48 ERROR: No se puede autenticar usuario
2024-04-21 21:39:49 ERROR: No se puede autenticar usuario
2024-04-21 21:39:50 ERROR: No se puede autenticar usuario
2024-04-21 21:39:56 ERROR: No se puede autenticar usuario
2024-04-21 21:39:56 ERROR: No se puede autenticar usuario
2024-04-21 21:39:57 ERROR: No se puede autenticar usuario
2024-04-21 21:40:12 ERROR: No se puede autenticar usuario
2024-04-24 15:34:36 ERROR: No se puede autenticar usuario
2024-04-24 15:57:47 ERROR: No se puede autenticar usuario
2024-04-24 15:57:52 ERROR: No se puede autenticar usuario
2024-04-24 15:57:59 ERROR: No se puede autenticar usuario
2024-04-24 15:59:08 ERROR: No se puede autenticar usuario
2024-04-24 15:59:27 ERROR: No se puede autenticar usuario
2024-04-30 17:12:04 ERROR: No se puede conectar al sitio - cod: 001
2024-04-30 17:13:57 ERROR: No se puede autenticar usuario
2024-04-30 17:31:29 ERROR: No se puede autenticar usuario
2024-05-02 11:03:37 ERROR: No se puede autenticar usuario
2024-05-02 11:03:38 ERROR: No se puede autenticar usuario
2024-05-02 13:14:30 ERROR: No se puede autenticar usuario
2024-05-02 13:14:30 ERROR: No se puede autenticar usuario
2024-05-03 10:53:39 ERROR: No se puede autenticar usuario
2024-05-03 11:13:29 ERROR: No se puede autenticar usuario
2024-05-13 09:19:46 ERROR: No se puede autenticar usuario
2024-05-23 15:37:30 ERROR: No se puede conectar al sitio
2024-05-23 15:37:58 ERROR: No se puede conectar al sitio
2024-05-23 15:39:31 ERROR: No se puede autenticar usuario
2024-05-23 17:41:11 ERROR: No se puede conectar al sitio
2024-05-24 12:38:57 ERROR: No se puede autenticar usuario
2024-05-29 11:10:16 ERROR: No se puede autenticar usuario
